This is pdfTeX, Version 3.14159265-2.6-1.40.17 (TeX Live 2016) (preloaded format=pdflatex 2016.5.22)  9 NOV 2017 17:10
entering extended mode
 restricted \write18 enabled.
 file:line:error style messages enabled.
 %&-line parsing enabled.
**Hailey_LeClair_Paper.tex
(./Hailey_LeClair_Paper.tex
LaTeX2e <2016/03/31>
Babel <3.9r> and hyphenation patterns for 83 language(s) loaded.
(/usr/local/texlive/2016/texmf-dist/tex/latex/base/report.cls
Document Class: report 2014/09/29 v1.4h Standard LaTeX document class
(/usr/local/texlive/2016/texmf-dist/tex/latex/base/size12.clo
File: size12.clo 2014/09/29 v1.4h Standard LaTeX file (size option)
)
\c@part=\count79
\c@chapter=\count80
\c@section=\count81
\c@subsection=\count82
\c@subsubsection=\count83
\c@paragraph=\count84
\c@subparagraph=\count85
\c@figure=\count86
\c@table=\count87
\abovecaptionskip=\skip41
\belowcaptionskip=\skip42
\bibindent=\dimen102
)
(/usr/local/texlive/2016/texmf-dist/tex/latex/graphics/graphicx.sty
Package: graphicx 2014/10/28 v1.0g Enhanced LaTeX Graphics (DPC,SPQR)

(/usr/local/texlive/2016/texmf-dist/tex/latex/graphics/keyval.sty
Package: keyval 2014/10/28 v1.15 key=value parser (DPC)
\KV@toks@=\toks14
)
(/usr/local/texlive/2016/texmf-dist/tex/latex/graphics/graphics.sty
Package: graphics 2016/05/09 v1.0r Standard LaTeX Graphics (DPC,SPQR)

(/usr/local/texlive/2016/texmf-dist/tex/latex/graphics/trig.sty
Package: trig 2016/01/03 v1.10 sin cos tan (DPC)
)
(/usr/local/texlive/2016/texmf-dist/tex/latex/graphics-cfg/graphics.cfg
File: graphics.cfg 2016/01/02 v1.10 sample graphics configuration
)
Package graphics Info: Driver file: pdftex.def on input line 96.

(/usr/local/texlive/2016/texmf-dist/tex/latex/pdftex-def/pdftex.def
File: pdftex.def 2011/05/27 v0.06d Graphics/color for pdfTeX

(/usr/local/texlive/2016/texmf-dist/tex/generic/oberdiek/infwarerr.sty
Package: infwarerr 2016/05/16 v1.4 Providing info/warning/error messages (HO)
)
(/usr/local/texlive/2016/texmf-dist/tex/generic/oberdiek/ltxcmds.sty
Package: ltxcmds 2016/05/16 v1.23 LaTeX kernel commands for general use (HO)
)
\Gread@gobject=\count88
))
\Gin@req@height=\dimen103
\Gin@req@width=\dimen104
)
(/usr/local/texlive/2016/texmf-dist/tex/latex/amsmath/amsmath.sty
Package: amsmath 2016/03/10 v2.15b AMS math features
\@mathmargin=\skip43

For additional information on amsmath, use the `?' option.
(/usr/local/texlive/2016/texmf-dist/tex/latex/amsmath/amstext.sty
Package: amstext 2000/06/29 v2.01 AMS text

(/usr/local/texlive/2016/texmf-dist/tex/latex/amsmath/amsgen.sty
File: amsgen.sty 1999/11/30 v2.0 generic functions
\@emptytoks=\toks15
\ex@=\dimen105
))
(/usr/local/texlive/2016/texmf-dist/tex/latex/amsmath/amsbsy.sty
Package: amsbsy 1999/11/29 v1.2d Bold Symbols
\pmbraise@=\dimen106
)
(/usr/local/texlive/2016/texmf-dist/tex/latex/amsmath/amsopn.sty
Package: amsopn 2016/03/08 v2.02 operator names
)
\inf@bad=\count89
LaTeX Info: Redefining \frac on input line 199.
\uproot@=\count90
\leftroot@=\count91
LaTeX Info: Redefining \overline on input line 297.
\classnum@=\count92
\DOTSCASE@=\count93
LaTeX Info: Redefining \ldots on input line 394.
LaTeX Info: Redefining \dots on input line 397.
LaTeX Info: Redefining \cdots on input line 518.
\Mathstrutbox@=\box26
\strutbox@=\box27
\big@size=\dimen107
LaTeX Font Info:    Redeclaring font encoding OML on input line 634.
LaTeX Font Info:    Redeclaring font encoding OMS on input line 635.
\macc@depth=\count94
\c@MaxMatrixCols=\count95
\dotsspace@=\muskip10
\c@parentequation=\count96
\dspbrk@lvl=\count97
\tag@help=\toks16
\row@=\count98
\column@=\count99
\maxfields@=\count100
\andhelp@=\toks17
\eqnshift@=\dimen108
\alignsep@=\dimen109
\tagshift@=\dimen110
\tagwidth@=\dimen111
\totwidth@=\dimen112
\lineht@=\dimen113
\@envbody=\toks18
\multlinegap=\skip44
\multlinetaggap=\skip45
\mathdisplay@stack=\toks19
LaTeX Info: Redefining \[ on input line 2739.
LaTeX Info: Redefining \] on input line 2740.
)
(/usr/local/texlive/2016/texmf-dist/tex/latex/preprint/fullpage.sty
Package: fullpage 1999/02/23 1.1 (PWD)
\FP@margin=\skip46
)
(./Hailey_LeClair_Paper.aux)
\openout1 = `Hailey_LeClair_Paper.aux'.

LaTeX Font Info:    Checking defaults for OML/cmm/m/it on input line 8.
LaTeX Font Info:    ... okay on input line 8.
LaTeX Font Info:    Checking defaults for T1/cmr/m/n on input line 8.
LaTeX Font Info:    ... okay on input line 8.
LaTeX Font Info:    Checking defaults for OT1/cmr/m/n on input line 8.
LaTeX Font Info:    ... okay on input line 8.
LaTeX Font Info:    Checking defaults for OMS/cmsy/m/n on input line 8.
LaTeX Font Info:    ... okay on input line 8.
LaTeX Font Info:    Checking defaults for OMX/cmex/m/n on input line 8.
LaTeX Font Info:    ... okay on input line 8.
LaTeX Font Info:    Checking defaults for U/cmr/m/n on input line 8.
LaTeX Font Info:    ... okay on input line 8.

(/usr/local/texlive/2016/texmf-dist/tex/context/base/mkii/supp-pdf.mkii
[Loading MPS to PDF converter (version 2006.09.02).]
\scratchcounter=\count101
\scratchdimen=\dimen114
\scratchbox=\box28
\nofMPsegments=\count102
\nofMParguments=\count103
\everyMPshowfont=\toks20
\MPscratchCnt=\count104
\MPscratchDim=\dimen115
\MPnumerator=\count105
\makeMPintoPDFobject=\count106
\everyMPtoPDFconversion=\toks21
) (/usr/local/texlive/2016/texmf-dist/tex/generic/oberdiek/pdftexcmds.sty
Package: pdftexcmds 2016/05/10 v0.21 Utility functions of pdfTeX for LuaTeX (HO
)

(/usr/local/texlive/2016/texmf-dist/tex/generic/oberdiek/ifluatex.sty
Package: ifluatex 2016/05/16 v1.4 Provides the ifluatex switch (HO)
Package ifluatex Info: LuaTeX not detected.
)
(/usr/local/texlive/2016/texmf-dist/tex/generic/oberdiek/ifpdf.sty
Package: ifpdf 2016/05/14 v3.1 Provides the ifpdf switch
)
Package pdftexcmds Info: LuaTeX not detected.
Package pdftexcmds Info: \pdf@primitive is available.
Package pdftexcmds Info: \pdf@ifprimitive is available.
Package pdftexcmds Info: \pdfdraftmode found.
)
(/usr/local/texlive/2016/texmf-dist/tex/latex/oberdiek/epstopdf-base.sty
Package: epstopdf-base 2016/05/15 v2.6 Base part for package epstopdf

(/usr/local/texlive/2016/texmf-dist/tex/latex/oberdiek/grfext.sty
Package: grfext 2016/05/16 v1.2 Manage graphics extensions (HO)

(/usr/local/texlive/2016/texmf-dist/tex/generic/oberdiek/kvdefinekeys.sty
Package: kvdefinekeys 2016/05/16 v1.4 Define keys (HO)
))
(/usr/local/texlive/2016/texmf-dist/tex/latex/oberdiek/kvoptions.sty
Package: kvoptions 2016/05/16 v3.12 Key value format for package options (HO)

(/usr/local/texlive/2016/texmf-dist/tex/generic/oberdiek/kvsetkeys.sty
Package: kvsetkeys 2016/05/16 v1.17 Key value parser (HO)

(/usr/local/texlive/2016/texmf-dist/tex/generic/oberdiek/etexcmds.sty
Package: etexcmds 2016/05/16 v1.6 Avoid name clashes with e-TeX commands (HO)
Package etexcmds Info: Could not find \expanded.
(etexcmds)             That can mean that you are not using pdfTeX 1.50 or
(etexcmds)             that some package has redefined \expanded.
(etexcmds)             In the latter case, load this package earlier.
)))
Package grfext Info: Graphics extension search list:
(grfext)             [.png,.pdf,.jpg,.mps,.jpeg,.jbig2,.jb2,.PNG,.PDF,.JPG,.JPE
G,.JBIG2,.JB2,.eps]
(grfext)             \AppendGraphicsExtensions on input line 456.

(/usr/local/texlive/2016/texmf-dist/tex/latex/latexconfig/epstopdf-sys.cfg
File: epstopdf-sys.cfg 2010/07/13 v1.3 Configuration of (r)epstopdf for TeX Liv
e
))
[1

{/usr/local/texlive/2016/texmf-var/fonts/map/pdftex/updmap/pdftex.map}]
(./Hailey_LeClair_Paper.toc)
\tf@toc=\write3
\openout3 = `Hailey_LeClair_Paper.toc'.

 [1

] (./Hailey_LeClair_Paper.lof
Overfull \hbox (12.06924pt too wide) in paragraph at lines 6--6
 [][] []\OT1/cmr/m/n/12 Image from Vi-ola and Jones well known pa-per, Ro-bust 
Real-Time Face Detection[[]] []  
 []


LaTeX Warning: Citation `RiverTraill' on page 2 undefined on input line 8.

)
\tf@lof=\write4
\openout4 = `Hailey_LeClair_Paper.lof'.

 [2

]
Chapter 1.
<images/pixels.png, id=17, 564.1075pt x 315.1775pt>
File: images/pixels.png Graphic file (type png)
 <use images/pixels.png>
Package pdftex.def Info: images/pixels.png used on input line 42.
(pdftex.def)             Requested size: 289.07999pt x 161.51749pt.

[3

] [4 <./images/pixels.png>]
<images/deformable.png, id=26, 666.49pt x 305.14pt>
File: images/deformable.png Graphic file (type png)

<use images/deformable.png>
Package pdftex.def Info: images/deformable.png used on input line 65.
(pdftex.def)             Requested size: 289.07999pt x 132.35301pt.
 [5 <./images/deformable.png>]

LaTeX Warning: Citation `Li_ICRA2014' on page 6 undefined on input line 71.

<images/nike.jpg, id=31, 682.55pt x 682.55pt>
File: images/nike.jpg Graphic file (type jpg)
 <use images/nike.jpg>
Package pdftex.def Info: images/nike.jpg used on input line 84.
(pdftex.def)             Requested size: 289.07999pt x 289.0853pt.

<images/nike_on_man.jpg, id=32, 803.0pt x 531.9875pt>
File: images/nike_on_man.jpg Graphic file (type jpg)

<use images/nike_on_man.jpg>
Package pdftex.def Info: images/nike_on_man.jpg used on input line 86.
(pdftex.def)             Requested size: 289.07999pt x 191.51535pt.
 [6] [7 <./images/nike.jpg> <./images/nike_on_man.jpg>] [8]
Chapter 2.
<images/ViolaJonesFace.png, id=43, 426.59375pt x 277.035pt>
File: images/ViolaJonesFace.png Graphic file (type png)

<use images/ViolaJonesFace.png>
Package pdftex.def Info: images/ViolaJonesFace.png used on input line 107.
(pdftex.def)             Requested size: 289.07999pt x 187.743pt.
 [9

]
<images/sobel_operator.png, id=49, 662.475pt x 303.1325pt>
File: images/sobel_operator.png Graphic file (type png)

<use images/sobel_operator.png>
Package pdftex.def Info: images/sobel_operator.png used on input line 129.
(pdftex.def)             Requested size: 289.07999pt x 132.27322pt.


LaTeX Warning: Citation `RiverTraill' on page 10 undefined on input line 132.

[10 <./images/ViolaJonesFace.png> <./images/sobel_operator.png>]

LaTeX Warning: Citation `R. Fisher' on page 11 undefined on input line 135.


LaTeX Warning: Citation `S. Perkins' on page 11 undefined on input line 135.


LaTeX Warning: Citation `A. Walker and E. Wolfart.' on page 11 undefined on inp
ut line 135.

<images/RiverTrain-ImageConvDiagram.png, id=55, 274.02374pt x 164.86594pt>
File: images/RiverTrain-ImageConvDiagram.png Graphic file (type png)

<use images/RiverTrain-ImageConvDiagram.png>
Package pdftex.def Info: images/RiverTrain-ImageConvDiagram.png used on input l
ine 139.
(pdftex.def)             Requested size: 274.02307pt x 164.86551pt.

<images/convolution4.png, id=56, 357.58594pt x 99.37125pt>
File: images/convolution4.png Graphic file (type png)

<use images/convolution4.png>
Package pdftex.def Info: images/convolution4.png used on input line 140.
(pdftex.def)             Requested size: 357.58505pt x 99.371pt.


LaTeX Warning: Citation `RiverTraill' on page 11 undefined on input line 141.

[11 <./images/RiverTrain-ImageConvDiagram.png> <./images/convolution4.png>]
[12]
Chapter 3.

LaTeX Warning: Citation `(' on page 13 undefined on input line 156.

<images/Imagenet_dress.png, id=64, 1006.76125pt x 598.235pt>
File: images/Imagenet_dress.png Graphic file (type png)

<use images/Imagenet_dress.png>
Package pdftex.def Info: images/Imagenet_dress.png used on input line 159.
(pdftex.def)             Requested size: 505.89pt x 300.60468pt.

Overfull \hbox (36.13498pt too wide) in paragraph at lines 159--160
 [][] 
 []


LaTeX Warning: Citation `(' on page 13 undefined on input line 162.

[13

] [14 <./images/Imagenet_dress.png>]
<images/NeuralNetwork.png, id=72, 464.73625pt x 275.0275pt>
File: images/NeuralNetwork.png Graphic file (type png)

<use images/NeuralNetwork.png>
Package pdftex.def Info: images/NeuralNetwork.png used on input line 174.
(pdftex.def)             Requested size: 361.34999pt x 213.84912pt.
 [15] [16 <./images/NeuralNetwork.png>] [17]
[18] (./Hailey_LeClair_Paper.bbl) [19

] (./Hailey_LeClair_Paper.aux)

LaTeX Warning: There were undefined references.

 ) 
Here is how much of TeX's memory you used:
 2219 strings out of 493014
 30901 string characters out of 6133351
 94385 words of memory out of 5000000
 5727 multiletter control sequences out of 15000+600000
 10771 words of font info for 38 fonts, out of 8000000 for 9000
 1141 hyphenation exceptions out of 8191
 38i,6n,24p,1177b,235s stack positions out of 5000i,500n,10000p,200000b,80000s
</usr/local/texlive/2016/texmf-dist/fonts/type1/public/amsfonts/cm/cmbx12.pfb
></usr/local/texlive/2016/texmf-dist/fonts/type1/public/amsfonts/cm/cmcsc10.pfb
></usr/local/texlive/2016/texmf-dist/fonts/type1/public/amsfonts/cm/cmex10.pfb>
</usr/local/texlive/2016/texmf-dist/fonts/type1/public/amsfonts/cm/cmmi12.pfb><
/usr/local/texlive/2016/texmf-dist/fonts/type1/public/amsfonts/cm/cmmi8.pfb></u
sr/local/texlive/2016/texmf-dist/fonts/type1/public/amsfonts/cm/cmr12.pfb></usr
/local/texlive/2016/texmf-dist/fonts/type1/public/amsfonts/cm/cmti12.pfb>
Output written on Hailey_LeClair_Paper.pdf (20 pages, 1303327 bytes).
PDF statistics:
 114 PDF objects out of 1000 (max. 8388607)
 68 compressed objects within 1 object stream
 0 named destinations out of 1000 (max. 500000)
 51 words of extra memory for PDF output out of 10000 (max. 10000000)

